mode: set
github.com/onedaydev/MyGolang/manual-parse/run_cmd.go:12.56,17.38 5 1
github.com/onedaydev/MyGolang/manual-parse/run_cmd.go:17.38,19.3 1 0
github.com/onedaydev/MyGolang/manual-parse/run_cmd.go:20.2,21.20 2 1
github.com/onedaydev/MyGolang/manual-parse/run_cmd.go:21.20,23.3 1 1
github.com/onedaydev/MyGolang/manual-parse/run_cmd.go:24.2,24.18 1 1
github.com/onedaydev/MyGolang/manual-parse/run_cmd.go:35.30,37.2 1 1
github.com/onedaydev/MyGolang/manual-parse/run_cmd.go:39.47,44.20 4 1
github.com/onedaydev/MyGolang/manual-parse/run_cmd.go:44.20,46.3 1 1
github.com/onedaydev/MyGolang/manual-parse/run_cmd.go:48.2,48.44 1 1
github.com/onedaydev/MyGolang/manual-parse/run_cmd.go:48.44,51.3 2 1
github.com/onedaydev/MyGolang/manual-parse/run_cmd.go:53.2,54.16 2 1
github.com/onedaydev/MyGolang/manual-parse/run_cmd.go:54.16,56.3 1 1
github.com/onedaydev/MyGolang/manual-parse/run_cmd.go:57.2,59.15 2 1
github.com/onedaydev/MyGolang/manual-parse/run_cmd.go:62.35,63.23 1 1
github.com/onedaydev/MyGolang/manual-parse/run_cmd.go:63.23,65.3 1 1
github.com/onedaydev/MyGolang/manual-parse/run_cmd.go:66.2,66.12 1 1
github.com/onedaydev/MyGolang/manual-parse/run_cmd.go:69.55,70.18 1 1
github.com/onedaydev/MyGolang/manual-parse/run_cmd.go:70.18,73.3 2 1
github.com/onedaydev/MyGolang/manual-parse/run_cmd.go:75.2,76.16 2 1
github.com/onedaydev/MyGolang/manual-parse/run_cmd.go:76.16,78.3 1 1
github.com/onedaydev/MyGolang/manual-parse/run_cmd.go:79.2,80.12 2 1
github.com/onedaydev/MyGolang/manual-parse/run_cmd.go:83.52,85.34 2 1
github.com/onedaydev/MyGolang/manual-parse/run_cmd.go:85.34,87.3 1 1
github.com/onedaydev/MyGolang/manual-parse/run_cmd.go:90.13,92.16 2 0
github.com/onedaydev/MyGolang/manual-parse/run_cmd.go:92.16,96.3 3 0
github.com/onedaydev/MyGolang/manual-parse/run_cmd.go:98.2,99.16 2 0
github.com/onedaydev/MyGolang/manual-parse/run_cmd.go:99.16,103.3 3 0
github.com/onedaydev/MyGolang/manual-parse/run_cmd.go:105.2,106.16 2 0
github.com/onedaydev/MyGolang/manual-parse/run_cmd.go:106.16,109.3 2 0
